<?xml version="1.0" encoding="UTF-8"?>
<!-- Generated by org.testng.reporters.JUnitReportReporter -->
<testsuite hostname="LAPTOP-MEGAJEV2" failures="0" tests="12" name="Care_Supreme.EndToEnd_Journey" time="4.630" errors="1" timestamp="2024-02-13T17:43:25 IST" skipped="9">
  <testcase classname="Care_Supreme.EndToEnd_Journey" name="SetUp" time="1.954"/>
  <system-out/>
  <testcase classname="Care_Supreme.EndToEnd_Journey" name="get_quote" time="1.417"/>
  <system-out/>
  <testcase classname="Care_Supreme.EndToEnd_Journey" name="Member_Selection" time="1.259">
    <error message="element click intercepted: Element &lt;label for=&quot;self&quot;&gt;...&lt;/label&gt; is not clickable at point (670, 407). Other element would receive the click: &lt;button type=&quot;button&quot; class=&quot;btn_sticky_mobile btn_custom step2_continue custum_common_btn&quot; onclick=&quot;validateMembers();&quot;&gt;...&lt;/button&gt;
  (Session info: chrome=121.0.6167.161)
Build info: version: &#039;4.16.1&#039;, revision: &#039;9b4c83354e&#039;
System info: os.name: &#039;Windows 11&#039;, os.arch: &#039;amd64&#039;, os.version: &#039;10.0&#039;, java.version: &#039;21.0.1&#039;
Driver info: org.openqa.selenium.chrome.ChromeDriver
Command: [baa34bf03d19921c017bf0774f207eff, clickElement {id=552B164B20B633C09242814C68FCECCA_element_166}]
Capabilities {acceptInsecureCerts: false, browserName: chrome, browserVersion: 121.0.6167.161, chrome: {chromedriverVersion: 121.0.6167.85 (3f98d690ad7e..., userDataDir: C:\Users\ACER\AppData\Local...}, fedcm:accounts: true, goog:chromeOptions: {debuggerAddress: localhost:11063}, networkConnectionEnabled: false, pageLoadStrategy: normal, platformName: windows, proxy: Proxy(), se:cdp: ws://localhost:11063/devtoo..., se:cdpVersion: 121.0.6167.161, setWindowRect: true, strictFileInteractability: false, timeouts: {implicit: 0, pageLoad: 300000, script: 30000}, unhandledPromptBehavior: dismiss and notify, webauthn:extension:credBlob: true, webauthn:extension:largeBlob: true, webauthn:extension:minPinLength: true, webauthn:extension:prf: true, webauthn:virtualAuthenticators: true}
Element: [[ChromeDriver: chrome on windows (baa34bf03d19921c017bf0774f207eff)] -&gt; xpath: //label[@for=&#039;self&#039;]]
Session ID: baa34bf03d19921c017bf0774f207eff" type="org.openqa.selenium.ElementClickInterceptedException">
      <![CDATA[org.openqa.selenium.ElementClickInterceptedException: element click intercepted: Element <label for="self">...</label> is not clickable at point (670, 407). Other element would receive the click: <button type="button" class="btn_sticky_mobile btn_custom step2_continue custum_common_btn" onclick="validateMembers();">...</button>
  (Session info: chrome=121.0.6167.161)
Build info: version: '4.16.1', revision: '9b4c83354e'
System info: os.name: 'Windows 11', os.arch: 'amd64', os.version: '10.0', java.version: '21.0.1'
Driver info: org.openqa.selenium.chrome.ChromeDriver
Command: [baa34bf03d19921c017bf0774f207eff, clickElement {id=552B164B20B633C09242814C68FCECCA_element_166}]
Capabilities {acceptInsecureCerts: false, browserName: chrome, browserVersion: 121.0.6167.161, chrome: {chromedriverVersion: 121.0.6167.85 (3f98d690ad7e..., userDataDir: C:\Users\ACER\AppData\Local...}, fedcm:accounts: true, goog:chromeOptions: {debuggerAddress: localhost:11063}, networkConnectionEnabled: false, pageLoadStrategy: normal, platformName: windows, proxy: Proxy(), se:cdp: ws://localhost:11063/devtoo..., se:cdpVersion: 121.0.6167.161, setWindowRect: true, strictFileInteractability: false, timeouts: {implicit: 0, pageLoad: 300000, script: 30000}, unhandledPromptBehavior: dismiss and notify, webauthn:extension:credBlob: true, webauthn:extension:largeBlob: true, webauthn:extension:minPinLength: true, webauthn:extension:prf: true, webauthn:virtualAuthenticators: true}
Element: [[ChromeDriver: chrome on windows (baa34bf03d19921c017bf0774f207eff)] -> xpath: //label[@for='self']]
Session ID: baa34bf03d19921c017bf0774f207eff
at java.base/jdk.internal.reflect.DirectConstructorHandleAccessor.newInstance(DirectConstructorHandleAccessor.java:62)
at java.base/java.lang.reflect.Constructor.newInstanceWithCaller(Constructor.java:502)
at java.base/java.lang.reflect.Constructor.newInstance(Constructor.java:486)
at org.openqa.selenium.remote.codec.w3c.W3CHttpResponseCodec.createException(W3CHttpResponseCodec.java:200)
at org.openqa.selenium.remote.codec.w3c.W3CHttpResponseCodec.decode(W3CHttpResponseCodec.java:133)
at org.openqa.selenium.remote.codec.w3c.W3CHttpResponseCodec.decode(W3CHttpResponseCodec.java:52)
at org.openqa.selenium.remote.HttpCommandExecutor.execute(HttpCommandExecutor.java:191)
at org.openqa.selenium.remote.service.DriverCommandExecutor.invokeExecute(DriverCommandExecutor.java:200)
at org.openqa.selenium.remote.service.DriverCommandExecutor.execute(DriverCommandExecutor.java:175)
at org.openqa.selenium.remote.RemoteWebDriver.execute(RemoteWebDriver.java:523)
at org.openqa.selenium.remote.RemoteWebElement.execute(RemoteWebElement.java:224)
at org.openqa.selenium.remote.RemoteWebElement.click(RemoteWebElement.java:77)
at Care_Supreme.EndToEnd_Journey.Member_Selection(EndToEnd_Journey.java:44)
at java.base/jdk.internal.reflect.DirectMethodHandleAccessor.invoke(DirectMethodHandleAccessor.java:103)
at java.base/java.lang.reflect.Method.invoke(Method.java:580)
at org.testng.internal.MethodInvocationHelper.invokeMethod(MethodInvocationHelper.java:133)
at org.testng.internal.TestInvoker.invokeMethod(TestInvoker.java:598)
at org.testng.internal.TestInvoker.invokeTestMethod(TestInvoker.java:173)
at org.testng.internal.MethodRunner.runInSequence(MethodRunner.java:46)
at org.testng.internal.TestInvoker$MethodInvocationAgent.invoke(TestInvoker.java:824)
at org.testng.internal.TestInvoker.invokeTestMethods(TestInvoker.java:146)
at org.testng.internal.TestMethodWorker.invokeTestMethods(TestMethodWorker.java:146)
at org.testng.internal.TestMethodWorker.run(TestMethodWorker.java:128)
at java.base/java.util.ArrayList.forEach(ArrayList.java:1596)
at org.testng.TestRunner.privateRun(TestRunner.java:794)
at org.testng.TestRunner.run(TestRunner.java:596)
at org.testng.SuiteRunner.runTest(SuiteRunner.java:377)
at org.testng.SuiteRunner.runSequentially(SuiteRunner.java:371)
at org.testng.SuiteRunner.privateRun(SuiteRunner.java:332)
at org.testng.SuiteRunner.run(SuiteRunner.java:276)
at org.testng.SuiteRunnerWorker.runSuite(SuiteRunnerWorker.java:53)
at org.testng.SuiteRunnerWorker.run(SuiteRunnerWorker.java:96)
at org.testng.TestNG.runSuitesSequentially(TestNG.java:1212)
at org.testng.TestNG.runSuitesLocally(TestNG.java:1134)
at org.testng.TestNG.runSuites(TestNG.java:1063)
at org.testng.TestNG.run(TestNG.java:1031)
at org.testng.remote.AbstractRemoteTestNG.run(AbstractRemoteTestNG.java:115)
at org.testng.remote.RemoteTestNG.initAndRun(RemoteTestNG.java:251)
at org.testng.remote.RemoteTestNG.main(RemoteTestNG.java:77)
]]>
    </error>
  </testcase> <!-- Member_Selection -->
  <system-out/>
  <testcase classname="Care_Supreme.EndToEnd_Journey" name="members_age_section" time="0.000">
    <skipped/>
  </testcase> <!-- members_age_section -->
  <system-out/>
  <testcase classname="Care_Supreme.EndToEnd_Journey" name="pincode" time="0.000">
    <skipped/>
  </testcase> <!-- pincode -->
  <system-out/>
  <testcase classname="Care_Supreme.EndToEnd_Journey" name="buy_now" time="0.000">
    <skipped/>
  </testcase> <!-- buy_now -->
  <system-out/>
  <testcase classname="Care_Supreme.EndToEnd_Journey" name="Confirm_proposal_page" time="0.000">
    <skipped/>
  </testcase> <!-- Confirm_proposal_page -->
  <system-out/>
  <testcase classname="Care_Supreme.EndToEnd_Journey" name="KYC_Verification_PAN" time="0.000">
    <skipped/>
  </testcase> <!-- KYC_Verification_PAN -->
  <system-out/>
  <testcase classname="Care_Supreme.EndToEnd_Journey" name="proposal_details" time="0.000">
    <skipped/>
  </testcase> <!-- proposal_details -->
  <system-out/>
  <testcase classname="Care_Supreme.EndToEnd_Journey" name="Insured_Member_Detail_Page" time="0.000">
    <skipped/>
  </testcase> <!-- Insured_Member_Detail_Page -->
  <system-out/>
  <testcase classname="Care_Supreme.EndToEnd_Journey" name="health_deatil" time="0.000">
    <skipped/>
  </testcase> <!-- health_deatil -->
  <system-out/>
  <testcase classname="Care_Supreme.EndToEnd_Journey" name="Proposal_Summery" time="0.000">
    <skipped/>
  </testcase> <!-- Proposal_Summery -->
  <system-out/>
</testsuite> <!-- Care_Supreme.EndToEnd_Journey -->
