<?xml version="1.0" encoding="UTF-8"?>
<!-- Generated by org.testng.reporters.JUnitReportReporter -->
<testsuite hostname="LAPTOP-MEGAJEV2" failures="0" tests="6" name="Care_Supreme.datademo" time="0.033" errors="0" timestamp="2024-02-06T20:50:27 IST" skipped="0">
  <testcase classname="Care_Supreme.datademo" name="test1" time="0.022"/>
  <system-out/>
  <testcase classname="Care_Supreme.datademo" name="test2" time="0.002"/>
  <system-out/>
  <testcase classname="Care_Supreme.datademo" name="test5" time="0.003"/>
  <system-out/>
  <testcase classname="Care_Supreme.datademo" name="test6" time="0.002"/>
  <system-out/>
  <testcase classname="Care_Supreme.datademo" name="test3" time="0.001"/>
  <system-out/>
  <testcase classname="Care_Supreme.datademo" name="test4" time="0.003"/>
  <system-out/>
</testsuite> <!-- Care_Supreme.datademo -->
