<?xml version="1.0" encoding="UTF-8"?>
<!-- Generated by org.testng.reporters.JUnitReportReporter -->
<testsuite hostname="LAPTOP-MEGAJEV2" failures="0" tests="1" name="Care_Supreme.SetUp" time="2.569" errors="0" timestamp="2024-02-06T19:55:24 IST" skipped="0">
  <testcase classname="Care_Supreme.SetUp" name="SetUp" time="2.569"/>
  <system-out/>
</testsuite> <!-- Care_Supreme.SetUp -->
