<?xml version="1.0" encoding="UTF-8"?>
<!-- Generated by org.testng.reporters.JUnitReportReporter -->
<testsuite hostname="LAPTOP-MEGAJEV2" failures="0" tests="2" name="Care_Supreme.Get_Quote_Section" time="4.845" errors="0" timestamp="2023-12-22T13:53:33 IST" skipped="0">
  <testcase classname="Care_Supreme.Get_Quote_Section" name="SetUp" time="2.535"/>
  <system-out/>
  <testcase classname="Care_Supreme.Get_Quote_Section" name="get_quote" time="2.310"/>
  <system-out/>
</testsuite> <!-- Care_Supreme.Get_Quote_Section -->
